2025-05-06 14:10:12 - Pulling from origin 'ander_branch' with rebase...
2025-05-06 15:24:32 - Pulling from origin 'ander_branch' with rebase...
2025-05-06 15:24:32 - Attempting to pop stashed changes...
2025-05-06 15:24:32 - INFO: No stash to pop, or stash pop resulted in conflicts that need manual resolution, or stash pop failed for other reasons.
2025-05-06 15:24:32 - Git pull sequence completed.
2025-05-06 15:24:32 - >>> Checking schedule for Scraper...
2025-05-06 15:24:32 -     Current Time: 1746545072 (Tue May  6 03:24:32 PM UTC 2025)
2025-05-06 15:24:32 -     Last Run Time: 0 (Thu Jan  1 12:00:00 AM UTC 1970)
2025-05-06 15:24:32 -     Time Difference: 1746545072 seconds
2025-05-06 15:24:32 -     Required Interval: 46800 seconds (780 minutes)
2025-05-06 15:24:32 -     Decision: Time interval met or first run. Scraper should run.
2025-05-06 15:24:32 - >>> (1/3) Running news scraping script...
2025-05-06 15:33:11 - Scraping finished successfully.
2025-05-06 15:33:11 - Updated last run time for Scraper.
2025-05-06 15:33:11 - Attempting Git operations for stage: Scraper
2025-05-06 15:33:11 - Adding all changes to Git staging area...
2025-05-06 15:33:11 - Committing changes for Scraper...
2025-05-06 15:33:11 - Pushing changes to Git branch 'ander_branch'...
2025-05-06 17:33:01 - Git push for Scraper successful.
2025-05-06 17:33:01 - Git operations for Scraper finished.
2025-05-06 17:33:01 - >>> Checking schedule for Sentiment Analysis...
2025-05-06 17:33:01 -     Current Time: 1746552781 (Tue May  6 05:33:01 PM UTC 2025)
2025-05-06 17:33:01 -     Last Run Time: 0 (Thu Jan  1 12:00:00 AM UTC 1970)
2025-05-06 17:33:01 -     Time Difference: 1746552781 seconds
2025-05-06 17:33:01 -     Required Interval: 86400 seconds (1440 minutes)
2025-05-06 17:33:01 -     Decision: Time interval met or first run. Sentiment Analysis should run.
2025-05-06 17:33:01 - >>> (2/3) Interval met for Sentiment Analysis. Checking prerequisites...
2025-05-06 17:33:01 - Input 'scrape/news.csv' found. Running Sentiment Analysis...
2025-05-06 17:33:09 - ERROR: Sentiment analysis script failed with exit code 1.
2025-05-06 17:33:09 - >>> Checking schedule for FinRL...
2025-05-06 17:33:09 -     Current Time: 1746552789 (Tue May  6 05:33:09 PM UTC 2025)
2025-05-06 17:33:09 -     Last Run Time: 0 (Thu Jan  1 12:00:00 AM UTC 1970)
2025-05-06 17:33:09 -     Time Difference: 1746552789 seconds
2025-05-06 17:33:09 -     Required Interval: 604800 seconds (10080 minutes)
2025-05-06 17:33:09 -     Decision: Time interval met or first run. FinRL should run.
2025-05-06 17:33:09 - >>> (3/3) Interval met for FinRL. Checking prerequisites...
2025-05-06 17:33:09 - Input 'sentiment/aggregated_risk_scores.csv' found. Running FinRL...
2025-05-06 17:33:15 - ERROR: FinRL script failed with exit code 1.
2025-05-06 17:33:15 - >>> Deactivating Conda environment...
2025-05-06 17:33:15 - --- Pipeline execution check finished ---
